commit 262dac3d9d94a870b89461819c2e9ac64fa3c720
Author: Marcello Montes de Oca <marcello_menjivar@unitec.edu>
Date:   Sat May 21 18:27:21 2022 -0600

    Terminando Portafolio, clase terminada.

commit c8ca44268e94954f84b20c1e57ddc03dd63128ee
Author: Marcello Montes de Oca <marcello_menjivar@unitec.edu>
Date:   Sat May 21 16:02:49 2022 -0600

    Terminando el examen....

commit 8d59d7bc275202116777a67c633ca81b3fdaf401
Author: Marcello Montes de Oca <marcello_menjivar@unitec.edu>
Date:   Sat May 21 13:47:40 2022 -0600

    Terminando la clase.... soon

commit b99acce39f4d8bb2adc5f7024ea3d85f57ae1620
Author: Marcello Montes de Oca <marcello_menjivar@unitec.edu>
Date:   Sat May 21 11:14:55 2022 -0600

    adding last project...ya me quiero ir :)

commit 9618580c448a1f407235f9e11c6efdefd7874119
Author: Marcello Montes de Oca <marcello_menjivar@unitec.edu>
Date:   Sat May 21 04:40:42 2022 -0600

    terminando la presentacion

commit 5ed6cf91578b504cea4acbb27a89c40ce0b58900
Author: Marcello Montes de Oca <marcello_menjivar@unitec.edu>
Date:   Sat May 21 03:56:17 2022 -0600

    agregando cambios a la presentacion

commit 8d4c93f334e415ae192f181f20928eeb7f5880a5
Author: Marcello Montes de Oca <marcello_menjivar@unitec.edu>
Date:   Fri May 20 21:24:19 2022 -0600

    Agregando el reporte final

commit 9eaae982ecf50cb8ba232a72c41864956751a310
Author: shello <marcello.menjivar@gmail.com>
Date:   Thu May 19 01:52:00 2022 -0600

    Agregando documentos del proyecto Final

commit d0ea2df5826f05d49970d35324558da2617234f4
Author: Marcello Montes de Oca <marcello_menjivar@unitec.edu>
Date:   Wed May 18 18:24:15 2022 -0600

    Haciendo un arreglo....

commit 3627217ac5996088294e6a8096b4e996028c6397
Author: Marcello Montes de Oca <marcello_menjivar@unitec.edu>
Date:   Wed May 18 18:23:49 2022 -0600

    Haciendo un arreglo....

commit b1edc55ca426b08820d37359ec4f2e1a20ee758d
Author: Marcello Montes de Oca <marcello_menjivar@unitec.edu>
Date:   Wed May 18 16:50:12 2022 -0600

    Agreando cambios y la actividad Adicional

commit cbd76133cf117cecbc4bcef3df14d1d151705bbf
Author: Marcello Montes de Oca <marcello_menjivar@unitec.edu>
Date:   Wed May 18 01:03:04 2022 -0600

    No habia subido el caso...

commit 798de1e3b590ee61c2732c511bfbac7fe7d89653
Author: Marcello Montes de Oca <marcello_menjivar@unitec.edu>
Date:   Sun May 15 00:05:38 2022 -0600

    Agregando Semana 4

commit f1386b78e9fac7d035833cc7a0a406a1003314f0
Author: Marcello Montes de Oca <marcello_menjivar@unitec.edu>
Date:   Thu May 12 23:19:49 2022 -0600

    Terminando Tareas 3

commit 11d54c8633efdd3a88d4b6368a4aa2757737a253
Author: Marcello Montes de Oca <marcello_menjivar@unitec.edu>
Date:   Thu May 12 22:44:55 2022 -0600

    Ordenando Semana3

commit a889cb7e65686d0a240b3cd56d8c8db53ab35f5c
Author: Marcello Montes de Oca <marcello_menjivar@unitec.edu>
Date:   Sat May 7 13:21:27 2022 -0600

    Examen parcial I - Terminado

commit da64e9ae90e3f69e08ff1b7237d1620cf1346796
Author: Marcello Montes de Oca <marcello_menjivar@unitec.edu>
Date:   Sat May 7 04:17:49 2022 -0600

    agregando los libros de la clase... me falto un nombre...

commit 4a45208e907d49db5d5c65592a14623e5d778367
Author: Marcello Montes de Oca <marcello_menjivar@unitec.edu>
Date:   Sat May 7 04:17:07 2022 -0600

    agregando los libros de la clase

commit d4a1fcff9c368ecd507ca96fbcfcfad8595409bd
Author: Marcello Montes de Oca <marcello_menjivar@unitec.edu>
Date:   Sat May 7 04:06:00 2022 -0600

    Ordenando...

commit 9f5c38a6dded6ccb4a078c6550bda718a250c751
Author: shello <marcello.menjivar@gmail.com>
Date:   Thu May 5 23:01:24 2022 -0600

    Creando la clase de Fusiones y Adquisiciones, subiendo tareas 1 y 2
